app/build/intermediates/manifest_merge_blame_file/release/processReleaseMainManifest/manifest-merger-blame-release-report.txt
1<?xml version="1.0" encoding="utf-8"?>
2<manifest xmlns:android="http://schemas.android.com/apk/res/android"
3    package="io.github.bqtuhan.svassistant"
4    android:versionCode="1"
5    android:versionName="1.0.0" >
6
7    <uses-sdk
8        android:minSdkVersion="26"
9        android:targetSdkVersion="34" />
10
11    <uses-permission android:name="android.permission.INTERNET" />
11-->src/main/AndroidManifest.xml:5:5-67
11-->src/main/AndroidManifest.xml:5:22-64
12    <uses-permission android:name="android.permission.WAKE_LOCK" />
12-->[androidx.work:work-runtime:2.7.1] AndroidManifest.xml:25:5-68
12-->[androidx.work:work-runtime:2.7.1] AndroidManifest.xml:25:22-65
13    <uses-permission android:name="android.permission.ACCESS_NETWORK_STATE" />
13-->[androidx.work:work-runtime:2.7.1] AndroidManifest.xml:26:5-79
13-->[androidx.work:work-runtime:2.7.1] AndroidManifest.xml:26:22-76
14    <uses-permission android:name="android.permission.RECEIVE_BOOT_COMPLETED" />
14-->[androidx.work:work-runtime:2.7.1] AndroidManifest.xml:27:5-81
14-->[androidx.work:work-runtime:2.7.1] AndroidManifest.xml:27:22-78
15    <uses-permission android:name="android.permission.FOREGROUND_SERVICE" />
15-->[androidx.work:work-runtime:2.7.1] AndroidManifest.xml:28:5-77
15-->[androidx.work:work-runtime:2.7.1] AndroidManifest.xml:28:22-74
16
17    <permission
17-->[androidx.core:core:1.13.1] AndroidManifest.xml:22:5-24:47
18        android:name="io.github.bqtuhan.svassistant.DYNAMIC_RECEIVER_NOT_EXPORTED_PERMISSION"
18-->[androidx.core:core:1.13.1] AndroidManifest.xml:23:9-81
19        android:protectionLevel="signature" />
19-->[androidx.core:core:1.13.1] AndroidManifest.xml:24:9-44
20
21    <uses-permission android:name="io.github.bqtuhan.svassistant.DYNAMIC_RECEIVER_NOT_EXPORTED_PERMISSION" />
21-->[androidx.core:core:1.13.1] AndroidManifest.xml:26:5-97
21-->[androidx.core:core:1.13.1] AndroidManifest.xml:26:22-94
22    <uses-permission android:name="moe.shizuku.manager.permission.API_V23" />
22-->[dev.rikka.shizuku:provider:13.1.5] AndroidManifest.xml:8:5-78
22-->[dev.rikka.shizuku:provider:13.1.5] AndroidManifest.xml:8:22-75
23
24    <application
24-->src/main/AndroidManifest.xml:7:5-42:19
25        android:name="io.github.bqtuhan.svassistant.SVApplication"
25-->src/main/AndroidManifest.xml:8:9-38
26        android:allowBackup="true"
26-->src/main/AndroidManifest.xml:9:9-35
27        android:appComponentFactory="androidx.core.app.CoreComponentFactory"
27-->[androidx.core:core:1.13.1] AndroidManifest.xml:28:18-86
28        android:extractNativeLibs="false"
29        android:icon="@mipmap/ic_launcher"
29-->src/main/AndroidManifest.xml:10:9-43
30        android:label="@string/app_name"
30-->src/main/AndroidManifest.xml:11:9-41
31        android:roundIcon="@mipmap/ic_launcher_round"
31-->src/main/AndroidManifest.xml:12:9-54
32        android:supportsRtl="true"
32-->src/main/AndroidManifest.xml:13:9-35
33        android:theme="@style/Theme.SVAssistant" >
33-->src/main/AndroidManifest.xml:14:9-49
34        <activity
34-->src/main/AndroidManifest.xml:17:9-25:20
35            android:name="io.github.bqtuhan.svassistant.MainActivity"
35-->src/main/AndroidManifest.xml:18:13-41
36            android:exported="true"
36-->src/main/AndroidManifest.xml:19:13-36
37            android:theme="@style/Theme.SVAssistant" >
37-->src/main/AndroidManifest.xml:20:13-53
38            <intent-filter>
38-->src/main/AndroidManifest.xml:21:13-24:29
39                <action android:name="android.intent.action.MAIN" />
39-->src/main/AndroidManifest.xml:22:17-69
39-->src/main/AndroidManifest.xml:22:25-66
40
41                <category android:name="android.intent.category.LAUNCHER" />
41-->src/main/AndroidManifest.xml:23:17-77
41-->src/main/AndroidManifest.xml:23:27-74
42            </intent-filter>
43        </activity>
44
45        <provider
46            android:name="rikka.shizuku.ShizukuProvider"
46-->src/main/AndroidManifest.xml:28:13-57
47            android:authorities="io.github.bqtuhan.svassistant.shizuku"
47-->src/main/AndroidManifest.xml:29:13-59
48            android:enabled="true"
48-->src/main/AndroidManifest.xml:31:13-35
49            android:exported="true"
49-->src/main/AndroidManifest.xml:32:13-36
50            android:multiprocess="false"
50-->src/main/AndroidManifest.xml:30:13-41
51            android:permission="android.permission.INTERACT_ACROSS_USERS_FULL" />
51-->src/main/AndroidManifest.xml:33:13-79
52
53        <receiver
53-->src/main/AndroidManifest.xml:35:9-40:20
54            android:name="io.github.bqtuhan.svassistant.core.widget.SVAssistantWidgetReceiver"
54-->src/main/AndroidManifest.xml:35:19-72
55            android:exported="true" >
55-->src/main/AndroidManifest.xml:35:73-96
56            <intent-filter>
56-->src/main/AndroidManifest.xml:36:13-38:29
57                <action android:name="android.appwidget.action.APPWIDGET_UPDATE" />
57-->src/main/AndroidManifest.xml:37:17-84
57-->src/main/AndroidManifest.xml:37:25-81
58            </intent-filter>
59
60            <meta-data
60-->src/main/AndroidManifest.xml:39:13-107
61                android:name="android.appwidget.provider"
61-->src/main/AndroidManifest.xml:39:24-65
62                android:resource="@xml/sv_widget_info" />
62-->src/main/AndroidManifest.xml:39:66-104
63        </receiver>
64
65        <activity
65-->[androidx.glance:glance-appwidget:1.1.0] AndroidManifest.xml:23:9-28:62
66            android:name="androidx.glance.appwidget.action.ActionTrampolineActivity"
66-->[androidx.glance:glance-appwidget:1.1.0] AndroidManifest.xml:24:13-85
67            android:enabled="true"
67-->[androidx.glance:glance-appwidget:1.1.0] AndroidManifest.xml:25:13-35
68            android:excludeFromRecents="true"
68-->[androidx.glance:glance-appwidget:1.1.0] AndroidManifest.xml:26:13-46
69            android:exported="false"
69-->[androidx.glance:glance-appwidget:1.1.0] AndroidManifest.xml:27:13-37
70            android:theme="@android:style/Theme.NoDisplay" />
70-->[androidx.glance:glance-appwidget:1.1.0] AndroidManifest.xml:28:13-59
71        <activity
71-->[androidx.glance:glance-appwidget:1.1.0] AndroidManifest.xml:29:9-36:81
72            android:name="androidx.glance.appwidget.action.InvisibleActionTrampolineActivity"
72-->[androidx.glance:glance-appwidget:1.1.0] AndroidManifest.xml:30:13-94
73            android:enabled="true"
73-->[androidx.glance:glance-appwidget:1.1.0] AndroidManifest.xml:31:13-35
74            android:exported="false"
74-->[androidx.glance:glance-appwidget:1.1.0] AndroidManifest.xml:32:13-37
75            android:launchMode="singleInstance"
75-->[androidx.glance:glance-appwidget:1.1.0] AndroidManifest.xml:33:13-48
76            android:noHistory="true"
76-->[androidx.glance:glance-appwidget:1.1.0] AndroidManifest.xml:34:13-37
77            android:taskAffinity="androidx.glance.appwidget.ListAdapterCallbackTrampoline"
77-->[androidx.glance:glance-appwidget:1.1.0] AndroidManifest.xml:35:13-91
78            android:theme="@style/Widget.Glance.AppWidget.CallbackTrampoline" />
78-->[androidx.glance:glance-appwidget:1.1.0] AndroidManifest.xml:36:13-78
79
80        <receiver
80-->[androidx.glance:glance-appwidget:1.1.0] AndroidManifest.xml:38:9-41:40
81            android:name="androidx.glance.appwidget.action.ActionCallbackBroadcastReceiver"
81-->[androidx.glance:glance-appwidget:1.1.0] AndroidManifest.xml:39:13-92
82            android:enabled="true"
82-->[androidx.glance:glance-appwidget:1.1.0] AndroidManifest.xml:40:13-35
83            android:exported="false" />
83-->[androidx.glance:glance-appwidget:1.1.0] AndroidManifest.xml:41:13-37
84        <receiver
84-->[androidx.glance:glance-appwidget:1.1.0] AndroidManifest.xml:42:9-45:40
85            android:name="androidx.glance.appwidget.UnmanagedSessionReceiver"
85-->[androidx.glance:glance-appwidget:1.1.0] AndroidManifest.xml:43:13-78
86            android:enabled="true"
86-->[androidx.glance:glance-appwidget:1.1.0] AndroidManifest.xml:44:13-35
87            android:exported="false" />
87-->[androidx.glance:glance-appwidget:1.1.0] AndroidManifest.xml:45:13-37
88        <receiver
88-->[androidx.glance:glance-appwidget:1.1.0] AndroidManifest.xml:46:9-53:20
89            android:name="androidx.glance.appwidget.MyPackageReplacedReceiver"
89-->[androidx.glance:glance-appwidget:1.1.0] AndroidManifest.xml:47:13-79
90            android:enabled="true"
90-->[androidx.glance:glance-appwidget:1.1.0] AndroidManifest.xml:48:13-35
91            android:exported="false" >
91-->[androidx.glance:glance-appwidget:1.1.0] AndroidManifest.xml:49:13-37
92            <intent-filter>
92-->[androidx.glance:glance-appwidget:1.1.0] AndroidManifest.xml:50:13-52:29
93                <action android:name="android.intent.action.MY_PACKAGE_REPLACED" />
93-->[androidx.glance:glance-appwidget:1.1.0] AndroidManifest.xml:51:17-84
93-->[androidx.glance:glance-appwidget:1.1.0] AndroidManifest.xml:51:25-81
94            </intent-filter>
95        </receiver>
96
97        <service
97-->[androidx.glance:glance-appwidget:1.1.0] AndroidManifest.xml:55:9-58:72
98            android:name="androidx.glance.appwidget.GlanceRemoteViewsService"
98-->[androidx.glance:glance-appwidget:1.1.0] AndroidManifest.xml:56:13-78
99            android:exported="true"
99-->[androidx.glance:glance-appwidget:1.1.0] AndroidManifest.xml:57:13-36
100            android:permission="android.permission.BIND_REMOTEVIEWS" />
100-->[androidx.glance:glance-appwidget:1.1.0] AndroidManifest.xml:58:13-69
101
102        <provider
102-->[androidx.work:work-runtime:2.7.1] AndroidManifest.xml:31:9-39:20
103            android:name="androidx.startup.InitializationProvider"
103-->[androidx.work:work-runtime:2.7.1] AndroidManifest.xml:32:13-67
104            android:authorities="io.github.bqtuhan.svassistant.androidx-startup"
104-->[androidx.work:work-runtime:2.7.1] AndroidManifest.xml:33:13-68
105            android:exported="false" >
105-->[androidx.work:work-runtime:2.7.1] AndroidManifest.xml:34:13-37
106            <meta-data
106-->[androidx.work:work-runtime:2.7.1] AndroidManifest.xml:36:13-38:52
107                android:name="androidx.work.WorkManagerInitializer"
107-->[androidx.work:work-runtime:2.7.1] AndroidManifest.xml:37:17-68
108                android:value="androidx.startup" />
108-->[androidx.work:work-runtime:2.7.1] AndroidManifest.xml:38:17-49
109            <meta-data
109-->[androidx.lifecycle:lifecycle-process:2.8.6] AndroidManifest.xml:29:13-31:52
110                android:name="androidx.lifecycle.ProcessLifecycleInitializer"
110-->[androidx.lifecycle:lifecycle-process:2.8.6] AndroidManifest.xml:30:17-78
111                android:value="androidx.startup" />
111-->[androidx.lifecycle:lifecycle-process:2.8.6] AndroidManifest.xml:31:17-49
112            <meta-data
112-->[androidx.emoji2:emoji2:1.3.0] AndroidManifest.xml:29:13-31:52
113                android:name="androidx.emoji2.text.EmojiCompatInitializer"
113-->[androidx.emoji2:emoji2:1.3.0] AndroidManifest.xml:30:17-75
114                android:value="androidx.startup" />
114-->[androidx.emoji2:emoji2:1.3.0] AndroidManifest.xml:31:17-49
115            <meta-data
115-->[androidx.profileinstaller:profileinstaller:1.3.1] AndroidManifest.xml:29:13-31:52
116                android:name="androidx.profileinstaller.ProfileInstallerInitializer"
116-->[androidx.profileinstaller:profileinstaller:1.3.1] AndroidManifest.xml:30:17-85
117                android:value="androidx.startup" />
117-->[androidx.profileinstaller:profileinstaller:1.3.1] AndroidManifest.xml:31:17-49
118        </provider>
119
120        <service
120-->[androidx.work:work-runtime:2.7.1] AndroidManifest.xml:41:9-46:35
121            android:name="androidx.work.impl.background.systemalarm.SystemAlarmService"
121-->[androidx.work:work-runtime:2.7.1] AndroidManifest.xml:42:13-88
122            android:directBootAware="false"
122-->[androidx.work:work-runtime:2.7.1] AndroidManifest.xml:43:13-44
123            android:enabled="@bool/enable_system_alarm_service_default"
123-->[androidx.work:work-runtime:2.7.1] AndroidManifest.xml:44:13-72
124            android:exported="false" />
124-->[androidx.work:work-runtime:2.7.1] AndroidManifest.xml:45:13-37
125        <service
125-->[androidx.work:work-runtime:2.7.1] AndroidManifest.xml:47:9-53:35
126            android:name="androidx.work.impl.background.systemjob.SystemJobService"
126-->[androidx.work:work-runtime:2.7.1] AndroidManifest.xml:48:13-84
127            android:directBootAware="false"
127-->[androidx.work:work-runtime:2.7.1] AndroidManifest.xml:49:13-44
128            android:enabled="@bool/enable_system_job_service_default"
128-->[androidx.work:work-runtime:2.7.1] AndroidManifest.xml:50:13-70
129            android:exported="true"
129-->[androidx.work:work-runtime:2.7.1] AndroidManifest.xml:51:13-36
130            android:permission="android.permission.BIND_JOB_SERVICE" />
130-->[androidx.work:work-runtime:2.7.1] AndroidManifest.xml:52:13-69
131        <service
131-->[androidx.work:work-runtime:2.7.1] AndroidManifest.xml:54:9-59:35
132            android:name="androidx.work.impl.foreground.SystemForegroundService"
132-->[androidx.work:work-runtime:2.7.1] AndroidManifest.xml:55:13-81
133            android:directBootAware="false"
133-->[androidx.work:work-runtime:2.7.1] AndroidManifest.xml:56:13-44
134            android:enabled="@bool/enable_system_foreground_service_default"
134-->[androidx.work:work-runtime:2.7.1] AndroidManifest.xml:57:13-77
135            android:exported="false" />
135-->[androidx.work:work-runtime:2.7.1] AndroidManifest.xml:58:13-37
136
137        <receiver
137-->[androidx.work:work-runtime:2.7.1] AndroidManifest.xml:61:9-66:35
138            android:name="androidx.work.impl.utils.ForceStopRunnable$BroadcastReceiver"
138-->[androidx.work:work-runtime:2.7.1] AndroidManifest.xml:62:13-88
139            android:directBootAware="false"
139-->[androidx.work:work-runtime:2.7.1] AndroidManifest.xml:63:13-44
140            android:enabled="true"
140-->[androidx.work:work-runtime:2.7.1] AndroidManifest.xml:64:13-35
141            android:exported="false" />
141-->[androidx.work:work-runtime:2.7.1] AndroidManifest.xml:65:13-37
142        <receiver
142-->[androidx.work:work-runtime:2.7.1] AndroidManifest.xml:67:9-77:20
143            android:name="androidx.work.impl.background.systemalarm.ConstraintProxy$BatteryChargingProxy"
143-->[androidx.work:work-runtime:2.7.1] AndroidManifest.xml:68:13-106
144            android:directBootAware="false"
144-->[androidx.work:work-runtime:2.7.1] AndroidManifest.xml:69:13-44
145            android:enabled="false"
145-->[androidx.work:work-runtime:2.7.1] AndroidManifest.xml:70:13-36
146            android:exported="false" >
146-->[androidx.work:work-runtime:2.7.1] AndroidManifest.xml:71:13-37
147            <intent-filter>
147-->[androidx.work:work-runtime:2.7.1] AndroidManifest.xml:73:13-76:29
148                <action android:name="android.intent.action.ACTION_POWER_CONNECTED" />
148-->[androidx.work:work-runtime:2.7.1] AndroidManifest.xml:74:17-87
148-->[androidx.work:work-runtime:2.7.1] AndroidManifest.xml:74:25-84
149                <action android:name="android.intent.action.ACTION_POWER_DISCONNECTED" />
149-->[androidx.work:work-runtime:2.7.1] AndroidManifest.xml:75:17-90
149-->[androidx.work:work-runtime:2.7.1] AndroidManifest.xml:75:25-87
150            </intent-filter>
151        </receiver>
152        <receiver
152-->[androidx.work:work-runtime:2.7.1] AndroidManifest.xml:78:9-88:20
153            android:name="androidx.work.impl.background.systemalarm.ConstraintProxy$BatteryNotLowProxy"
153-->[androidx.work:work-runtime:2.7.1] AndroidManifest.xml:79:13-104
154            android:directBootAware="false"
154-->[androidx.work:work-runtime:2.7.1] AndroidManifest.xml:80:13-44
155            android:enabled="false"
155-->[androidx.work:work-runtime:2.7.1] AndroidManifest.xml:81:13-36
156            android:exported="false" >
156-->[androidx.work:work-runtime:2.7.1] AndroidManifest.xml:82:13-37
157            <intent-filter>
157-->[androidx.work:work-runtime:2.7.1] AndroidManifest.xml:84:13-87:29
158                <action android:name="android.intent.action.BATTERY_OKAY" />
158-->[androidx.work:work-runtime:2.7.1] AndroidManifest.xml:85:17-77
158-->[androidx.work:work-runtime:2.7.1] AndroidManifest.xml:85:25-74
159                <action android:name="android.intent.action.BATTERY_LOW" />
159-->[androidx.work:work-runtime:2.7.1] AndroidManifest.xml:86:17-76
159-->[androidx.work:work-runtime:2.7.1] AndroidManifest.xml:86:25-73
160            </intent-filter>
161        </receiver>
162        <receiver
162-->[androidx.work:work-runtime:2.7.1] AndroidManifest.xml:89:9-99:20
163            android:name="androidx.work.impl.background.systemalarm.ConstraintProxy$StorageNotLowProxy"
163-->[androidx.work:work-runtime:2.7.1] AndroidManifest.xml:90:13-104
164            android:directBootAware="false"
164-->[androidx.work:work-runtime:2.7.1] AndroidManifest.xml:91:13-44
165            android:enabled="false"
165-->[androidx.work:work-runtime:2.7.1] AndroidManifest.xml:92:13-36
166            android:exported="false" >
166-->[androidx.work:work-runtime:2.7.1] AndroidManifest.xml:93:13-37
167            <intent-filter>
167-->[androidx.work:work-runtime:2.7.1] AndroidManifest.xml:95:13-98:29
168                <action android:name="android.intent.action.DEVICE_STORAGE_LOW" />
168-->[androidx.work:work-runtime:2.7.1] AndroidManifest.xml:96:17-83
168-->[androidx.work:work-runtime:2.7.1] AndroidManifest.xml:96:25-80
169                <action android:name="android.intent.action.DEVICE_STORAGE_OK" />
169-->[androidx.work:work-runtime:2.7.1] AndroidManifest.xml:97:17-82
169-->[androidx.work:work-runtime:2.7.1] AndroidManifest.xml:97:25-79
170            </intent-filter>
171        </receiver>
172        <receiver
172-->[androidx.work:work-runtime:2.7.1] AndroidManifest.xml:100:9-109:20
173            android:name="androidx.work.impl.background.systemalarm.ConstraintProxy$NetworkStateProxy"
173-->[androidx.work:work-runtime:2.7.1] AndroidManifest.xml:101:13-103
174            android:directBootAware="false"
174-->[androidx.work:work-runtime:2.7.1] AndroidManifest.xml:102:13-44
175            android:enabled="false"
175-->[androidx.work:work-runtime:2.7.1] AndroidManifest.xml:103:13-36
176            android:exported="false" >
176-->[androidx.work:work-runtime:2.7.1] AndroidManifest.xml:104:13-37
177            <intent-filter>
177-->[androidx.work:work-runtime:2.7.1] AndroidManifest.xml:106:13-108:29
178                <action android:name="android.net.conn.CONNECTIVITY_CHANGE" />
178-->[androidx.work:work-runtime:2.7.1] AndroidManifest.xml:107:17-79
178-->[androidx.work:work-runtime:2.7.1] AndroidManifest.xml:107:25-76
179            </intent-filter>
180        </receiver>
181        <receiver
181-->[androidx.work:work-runtime:2.7.1] AndroidManifest.xml:110:9-121:20
182            android:name="androidx.work.impl.background.systemalarm.RescheduleReceiver"
182-->[androidx.work:work-runtime:2.7.1] AndroidManifest.xml:111:13-88
183            android:directBootAware="false"
183-->[androidx.work:work-runtime:2.7.1] AndroidManifest.xml:112:13-44
184            android:enabled="false"
184-->[androidx.work:work-runtime:2.7.1] AndroidManifest.xml:113:13-36
185            android:exported="false" >
185-->[androidx.work:work-runtime:2.7.1] AndroidManifest.xml:114:13-37
186            <intent-filter>
186-->[androidx.work:work-runtime:2.7.1] AndroidManifest.xml:116:13-120:29
187                <action android:name="android.intent.action.BOOT_COMPLETED" />
187-->[androidx.work:work-runtime:2.7.1] AndroidManifest.xml:117:17-79
187-->[androidx.work:work-runtime:2.7.1] AndroidManifest.xml:117:25-76
188                <action android:name="android.intent.action.TIME_SET" />
188-->[androidx.work:work-runtime:2.7.1] AndroidManifest.xml:118:17-73
188-->[androidx.work:work-runtime:2.7.1] AndroidManifest.xml:118:25-70
189                <action android:name="android.intent.action.TIMEZONE_CHANGED" />
189-->[androidx.work:work-runtime:2.7.1] AndroidManifest.xml:119:17-81
189-->[androidx.work:work-runtime:2.7.1] AndroidManifest.xml:119:25-78
190            </intent-filter>
191        </receiver>
192        <receiver
192-->[androidx.work:work-runtime:2.7.1] AndroidManifest.xml:122:9-131:20
193            android:name="androidx.work.impl.background.systemalarm.ConstraintProxyUpdateReceiver"
193-->[androidx.work:work-runtime:2.7.1] AndroidManifest.xml:123:13-99
194            android:directBootAware="false"
194-->[androidx.work:work-runtime:2.7.1] AndroidManifest.xml:124:13-44
195            android:enabled="@bool/enable_system_alarm_service_default"
195-->[androidx.work:work-runtime:2.7.1] AndroidManifest.xml:125:13-72
196            android:exported="false" >
196-->[androidx.work:work-runtime:2.7.1] AndroidManifest.xml:126:13-37
197            <intent-filter>
197-->[androidx.work:work-runtime:2.7.1] AndroidManifest.xml:128:13-130:29
198                <action android:name="androidx.work.impl.background.systemalarm.UpdateProxies" />
198-->[androidx.work:work-runtime:2.7.1] AndroidManifest.xml:129:17-98
198-->[androidx.work:work-runtime:2.7.1] AndroidManifest.xml:129:25-95
199            </intent-filter>
200        </receiver>
201        <receiver
201-->[androidx.work:work-runtime:2.7.1] AndroidManifest.xml:132:9-142:20
202            android:name="androidx.work.impl.diagnostics.DiagnosticsReceiver"
202-->[androidx.work:work-runtime:2.7.1] AndroidManifest.xml:133:13-78
203            android:directBootAware="false"
203-->[androidx.work:work-runtime:2.7.1] AndroidManifest.xml:134:13-44
204            android:enabled="true"
204-->[androidx.work:work-runtime:2.7.1] AndroidManifest.xml:135:13-35
205            android:exported="true"
205-->[androidx.work:work-runtime:2.7.1] AndroidManifest.xml:136:13-36
206            android:permission="android.permission.DUMP" >
206-->[androidx.work:work-runtime:2.7.1] AndroidManifest.xml:137:13-57
207            <intent-filter>
207-->[androidx.work:work-runtime:2.7.1] AndroidManifest.xml:139:13-141:29
208                <action android:name="androidx.work.diagnostics.REQUEST_DIAGNOSTICS" />
208-->[androidx.work:work-runtime:2.7.1] AndroidManifest.xml:140:17-88
208-->[androidx.work:work-runtime:2.7.1] AndroidManifest.xml:140:25-85
209            </intent-filter>
210        </receiver>
211
212        <service
212-->[androidx.core:core-remoteviews:1.1.0] AndroidManifest.xml:24:9-27:63
213            android:name="androidx.core.widget.RemoteViewsCompatService"
213-->[androidx.core:core-remoteviews:1.1.0] AndroidManifest.xml:25:13-73
214            android:permission="android.permission.BIND_REMOTEVIEWS" />
214-->[androidx.core:core-remoteviews:1.1.0] AndroidManifest.xml:26:13-69
215
216        <meta-data
216-->[dev.rikka.shizuku:provider:13.1.5] AndroidManifest.xml:11:9-13:36
217            android:name="moe.shizuku.client.V3_SUPPORT"
217-->[dev.rikka.shizuku:provider:13.1.5] AndroidManifest.xml:12:13-57
218            android:value="true" />
218-->[dev.rikka.shizuku:provider:13.1.5] AndroidManifest.xml:13:13-33
219
220        <receiver
220-->[androidx.profileinstaller:profileinstaller:1.3.1] AndroidManifest.xml:34:9-52:20
221            android:name="androidx.profileinstaller.ProfileInstallReceiver"
221-->[androidx.profileinstaller:profileinstaller:1.3.1] AndroidManifest.xml:35:13-76
222            android:directBootAware="false"
222-->[androidx.profileinstaller:profileinstaller:1.3.1] AndroidManifest.xml:36:13-44
223            android:enabled="true"
223-->[androidx.profileinstaller:profileinstaller:1.3.1] AndroidManifest.xml:37:13-35
224            android:exported="true"
224-->[androidx.profileinstaller:profileinstaller:1.3.1] AndroidManifest.xml:38:13-36
225            android:permission="android.permission.DUMP" >
225-->[androidx.profileinstaller:profileinstaller:1.3.1] AndroidManifest.xml:39:13-57
226            <intent-filter>
226-->[androidx.profileinstaller:profileinstaller:1.3.1] AndroidManifest.xml:40:13-42:29
227                <action android:name="androidx.profileinstaller.action.INSTALL_PROFILE" />
227-->[androidx.profileinstaller:profileinstaller:1.3.1] AndroidManifest.xml:41:17-91
227-->[androidx.profileinstaller:profileinstaller:1.3.1] AndroidManifest.xml:41:25-88
228            </intent-filter>
229            <intent-filter>
229-->[androidx.profileinstaller:profileinstaller:1.3.1] AndroidManifest.xml:43:13-45:29
230                <action android:name="androidx.profileinstaller.action.SKIP_FILE" />
230-->[androidx.profileinstaller:profileinstaller:1.3.1] AndroidManifest.xml:44:17-85
230-->[androidx.profileinstaller:profileinstaller:1.3.1] AndroidManifest.xml:44:25-82
231            </intent-filter>
232            <intent-filter>
232-->[androidx.profileinstaller:profileinstaller:1.3.1] AndroidManifest.xml:46:13-48:29
233                <action android:name="androidx.profileinstaller.action.SAVE_PROFILE" />
233-->[androidx.profileinstaller:profileinstaller:1.3.1] AndroidManifest.xml:47:17-88
233-->[androidx.profileinstaller:profileinstaller:1.3.1] AndroidManifest.xml:47:25-85
234            </intent-filter>
235            <intent-filter>
235-->[androidx.profileinstaller:profileinstaller:1.3.1] AndroidManifest.xml:49:13-51:29
236                <action android:name="androidx.profileinstaller.action.BENCHMARK_OPERATION" />
236-->[androidx.profileinstaller:profileinstaller:1.3.1] AndroidManifest.xml:50:17-95
236-->[androidx.profileinstaller:profileinstaller:1.3.1] AndroidManifest.xml:50:25-92
237            </intent-filter>
238        </receiver>
239
240        <service
240-->[androidx.room:room-runtime:2.2.5] AndroidManifest.xml:25:9-28:40
241            android:name="androidx.room.MultiInstanceInvalidationService"
241-->[androidx.room:room-runtime:2.2.5] AndroidManifest.xml:26:13-74
242            android:directBootAware="true"
242-->[androidx.room:room-runtime:2.2.5] AndroidManifest.xml:27:13-43
243            android:exported="false" />
243-->[androidx.room:room-runtime:2.2.5] AndroidManifest.xml:28:13-37
244    </application>
245
246</manifest>